1: #019 (ca. 1885) 349 x 560 mm
        Section of wall, Gallery Francis I, Palace of Fontainebleau, France
2: #037 (ca. 1895) 118 x 578 mm
        Section of wall, Escalier de la cour ovale, Palace of Fontainebleau, France
3: #038 (ca. 1885) 310 x 502 mm
        Section of wall, salon Louis XIII, Palace of Fontainebleau, France
4: #041 (ca. 1885) 240 x 539 mm
        Section of wall, Guard Room, Palace of Fontainebleau
5: #075 (1810–20) 842 x 982 mm
        Study for a Cartoon for Printed Cotton: Les Quatre Elements
6: #076 (1810–20) 454 x 580 mm
        Cartoon for Printed Cotton: The Four Elements [Les Quatre Elements]
7: #077 (1810–20) 506 x 535 mm
        Cartoon for Printed Cotton: The Four Elements [Les Quatre Elements]
8: #078 (1810–20) 985 x 679 mm
        Cartoon for Printed Cotton: Les Quatre Elements
9: #079 (1810–20) 980 x 530 mm
        Cartoon for Printed Cotton Textile:  The Four Elements [Les Quatre Élements]
10: #081 (ca. 1811) 860 x 254 mm
        Cartoon fragment for Printed Cotton Textile: Friendship Does not Fear Time ['L'Amitie ne Craint du Temps]
'500..mm 1800..1899'[0:10] = 19 37 38 41 75 76 77 78 79 81
