1: #044 Two-dial clock by the Self-Winding Clock Co; as used on the
2: #096 Clock with Hipp pendulum (an electric driven clock with Hipp
3: #012 Assembled and unassembled EXA electric clock kit
4: #098 'Pond' electric clock movement (no dial)
5: #005 "Ever Ready" ceiling clock
6: #039 Electric clock of the Bain type
7: #061 Van der Plancke master clock
8: #064 Morse electrical clock, dial mechanism
9: #052 Reconstruction of Dondi's Astronomical Clock, 1974
10: #057 Electric clock by Alexander Bain, in case
Facet: Bain, Alexander; count: 3
Facet: Bloxam, J. M.; count: 1
Facet: Braun (maker); count: 1
Facet: British Horo-Electric Ltd. (maker); count: 1
Facet: British Vacuum Cleaner and Engineering Co. Ltd., Magneto Time division (maker); count: 1
Facet: EXA; count: 1
Facet: Ever Ready Co. (maker); count: 2
Facet: Ferranti Ltd.; count: 1
Facet: Galilei, Galileo, 1564-1642; Galilei, Vincenzio, 1606-1649; count: 1
Facet: Harrison, John (maker); count: 1
Facet: Hipp, M.; count: 1
Facet: La Précision Cie; count: 1
Facet: Lund, J.; count: 1
Facet: Morse, J. S.; count: 1
Facet: Self Winding Clock Company; count: 1
Facet: Self-Winding Clock Co. (maker); count: 1
Facet: Synchronome Co. Ltd. (maker); count: 2
Facet: Thwaites and Reed Ltd.; count: 1
Facet: Thwaites and Reed Ltd. (maker); count: 1
Facet: Viviani, Vincenzo; count: 1
Facet: Vulliamy, Benjamin, 1747-1811; count: 1
Facet: Whitefriars Glass Ltd. (maker); count: 1
INFO:xapian.search:'clock'[0:10] = 44 96 12 98 5 39 61 64 52 57
