1: #001 State of Washington November 11, 1889
        Population 6,744,496
2: #002 State of Arkansas June 15, 1836
        Population 2,915,918
3: #003 State of Oregon February 14, 1859
        Population 3,831,074
4: #004 State of Montana November 8, 1889
        Population 989,415
5: #005 Idaho July 3, 1890
        Population 1,567,582
6: #006 State of Nevada October 31, 1864
        Population 2,700,551
7: #007 State of California September 9, 1850
        Population 37,253,956
8: #009 State of Utah January 4, 1896
        Population 2,763,885
9: #010 State of Wyoming July 10, 1890
        Population 563,626
10: #011 State of Colorado August 1, 1876
        Population 5,029,196
'1800..1899'[0:10] = 1 2 3 4 5 6 7 9 10 11
